Unity Editor version:    2021.3.17f1 (3e8111cac19d)
Branch:                  2021.3/release
Build type:              Release
Batch mode:              YES
macOS version:           Version 13.0.1 (Build 22A400)
Darwin version:          22.1.0
Architecture:            arm64
Running under Rosetta:   NO
Available memory:        16384 MB
Using pre-set license
Pro License: YES

COMMAND LINE ARGUMENTS:
/Applications/Unity/Hub/Editor/2021.3.17f1/Unity.app/Contents/MacOS/Unity
-adb2
-batchMode
-noUpm
-name
AssetImportWorker0
-projectPath
/Users/danielleola/Downloads/A02_Sidescroller_Proto
-logFile
Logs/AssetImportWorker0.log
-srvPort
61451
Successfully changed project path to: /Users/danielleola/Downloads/A02_Sidescroller_Proto
/Users/danielleola/Downloads/A02_Sidescroller_Proto
[UnityMemory] Configuration Parameters - Can be set up in boot.config
    "memorysetup-bucket-allocator-granularity=16"
    "memorysetup-bucket-allocator-bucket-count=8"
    "memorysetup-bucket-allocator-block-size=33554432"
    "memorysetup-bucket-allocator-block-count=8"
    "memorysetup-main-allocator-block-size=16777216"
    "memorysetup-thread-allocator-block-size=16777216"
    "memorysetup-gfx-main-allocator-block-size=16777216"
    "memorysetup-gfx-thread-allocator-block-size=16777216"
    "memorysetup-cache-allocator-block-size=4194304"
    "memorysetup-typetree-allocator-block-size=2097152"
    "memorysetup-profiler-bucket-allocator-granularity=16"
    "memorysetup-profiler-bucket-allocator-bucket-count=8"
    "memorysetup-profiler-bucket-allocator-block-size=33554432"
    "memorysetup-profiler-bucket-allocator-block-count=8"
    "memorysetup-profiler-allocator-block-size=16777216"
    "memorysetup-profiler-editor-allocator-block-size=1048576"
    "memorysetup-temp-allocator-size-main=16777216"
    "memorysetup-job-temp-allocator-block-size=2097152"
    "memorysetup-job-temp-allocator-block-size-background=1048576"
    "memorysetup-job-temp-allocator-reduction-small-platforms=262144"
    "memorysetup-temp-allocator-size-background-worker=32768"
    "memorysetup-temp-allocator-size-job-worker=262144"
    "memorysetup-temp-allocator-size-preload-manager=33554432"
    "memorysetup-temp-allocator-size-nav-mesh-worker=65536"
    "memorysetup-temp-allocator-size-audio-worker=65536"
    "memorysetup-temp-allocator-size-cloud-worker=32768"
    "memorysetup-temp-allocator-size-gi-baking-worker=262144"
    "memorysetup-temp-allocator-size-gfx=262144"
Player connection [7991485696] Host "[IP] 192.168.1.95 [Port] 0 [Flags] 2 [Guid] 4169214696 [EditorId] 4169214696 [Version] 1048832 [Id] OSXEditor(0,Danielles-MBP-2.lan) [Debug] 1 [PackageName] OSXEditor [ProjectName] Editor" joined multi-casting on [225.0.0.222:54997]...

Player connection [7991485696] Host "[IP] 192.168.1.95 [Port] 0 [Flags] 2 [Guid] 4169214696 [EditorId] 4169214696 [Version] 1048832 [Id] OSXEditor(0,Danielles-MBP-2.lan) [Debug] 1 [PackageName] OSXEditor [ProjectName] Editor" joined alternative multi-casting on [225.0.0.222:34997]...

Refreshing native plugins compatible for Editor in 75.88 ms, found 2 plugins.
Preloading 0 native plugins for Editor in 0.00 ms.
Initialize engine version: 2021.3.17f1 (3e8111cac19d)
[Subsystems] Discovering subsystems at path /Applications/Unity/Hub/Editor/2021.3.17f1/Unity.app/Contents/Resources/UnitySubsystems
[Subsystems] Discovering subsystems at path /Users/danielleola/Downloads/A02_Sidescroller_Proto/Assets
GfxDevice: creating device client; threaded=0; jobified=0
 preferred device: Apple M1 Pro (high power)
Metal devices available: 1
0: Apple M1 Pro (high power)
Using device Apple M1 Pro (high power)
Initializing Metal device caps: Apple M1 Pro
Initialize mono
Mono path[0] = '/Applications/Unity/Hub/Editor/2021.3.17f1/Unity.app/Contents/Managed'
Mono path[1] = '/Applications/Unity/Hub/Editor/2021.3.17f1/Unity.app/Contents/MonoBleedingEdge/lib/mono/unityjit-macos'
Mono config path = '/Applications/Unity/Hub/Editor/2021.3.17f1/Unity.app/Contents/MonoBleedingEdge/etc'
Using monoOptions --debugger-agent=transport=dt_socket,embedding=1,server=y,suspend=n,address=127.0.0.1:56104
Begin MonoManager ReloadAssembly
Registering precompiled unity dll's ...
Register platform support module: /Applications/Unity/Hub/Editor/2021.3.17f1/Unity.app/Contents/PlaybackEngines/MacStandaloneSupport/UnityEditor.OSXStandalone.Extensions.dll
Register platform support module: /Applications/Unity/Hub/Editor/2021.3.17f1/PlaybackEngines/WindowsStandaloneSupport/UnityEditor.WindowsStandalone.Extensions.dll
Registered in 0.003141 seconds.
Native extension for WindowsStandalone target not found
Native extension for OSXStandalone target not found
Refreshing native plugins compatible for Editor in 74.15 ms, found 2 plugins.
Preloading 0 native plugins for Editor in 0.00 ms.
Mono: successfully reloaded assembly
- Completed reload, in  0.420 seconds
Domain Reload Profiling:
	ReloadAssembly (420ms)
		BeginReloadAssembly (51ms)
			ExecutionOrderSort (0ms)
			DisableScriptedObjects (0ms)
			BackupInstance (0ms)
			ReleaseScriptingObjects (0ms)
			CreateAndSetChildDomain (0ms)
		EndReloadAssembly (296ms)
			LoadAssemblies (52ms)
			RebuildTransferFunctionScriptingTraits (0ms)
			SetupTypeCache (67ms)
			ReleaseScriptCaches (0ms)
			RebuildScriptCaches (19ms)
			SetupLoadedEditorAssemblies (182ms)
				LogAssemblyErrors (0ms)
				InitializePlatformSupportModulesInManaged (4ms)
				SetLoadedEditorAssemblies (0ms)
				RefreshPlugins (74ms)
				BeforeProcessingInitializeOnLoad (1ms)
				ProcessInitializeOnLoadAttributes (78ms)
				ProcessInitializeOnLoadMethodAttributes (25ms)
				AfterProcessingInitializeOnLoad (0ms)
				EditorAssembliesLoaded (0ms)
			ExecutionOrderSort2 (0ms)
			AwakeInstancesAfterBackupRestoration (0ms)
Platform modules already initialized, skipping
Registering precompiled user dll's ...
Registered in 0.005511 seconds.
Begin MonoManager ReloadAssembly
Symbol file LoadedFromMemory doesn't match image /Users/danielleola/Downloads/A02_Sidescroller_Proto/Library/PackageCache/com.unity.visualscripting@1.8.0/Editor/VisualScripting.Core/Dependencies/YamlDotNet/Unity.VisualScripting.YamlDotNet.dll
Symbol file LoadedFromMemory doesn't match image /Users/danielleola/Downloads/A02_Sidescroller_Proto/Library/PackageCache/com.unity.visualscripting@1.8.0/Editor/VisualScripting.Core/Dependencies/DotNetZip/Unity.VisualScripting.IonicZip.dll
Native extension for WindowsStandalone target not found
Native extension for OSXStandalone target not found
Refreshing native plugins compatible for Editor in 0.35 ms, found 2 plugins.
Preloading 0 native plugins for Editor in 0.00 ms.
Mono: successfully reloaded assembly
- Completed reload, in  0.643 seconds
Domain Reload Profiling:
	ReloadAssembly (644ms)
		BeginReloadAssembly (52ms)
			ExecutionOrderSort (0ms)
			DisableScriptedObjects (3ms)
			BackupInstance (0ms)
			ReleaseScriptingObjects (0ms)
			CreateAndSetChildDomain (14ms)
		EndReloadAssembly (522ms)
			LoadAssemblies (63ms)
			RebuildTransferFunctionScriptingTraits (0ms)
			SetupTypeCache (174ms)
			ReleaseScriptCaches (1ms)
			RebuildScriptCaches (36ms)
			SetupLoadedEditorAssemblies (219ms)
				LogAssemblyErrors (0ms)
				InitializePlatformSupportModulesInManaged (3ms)
				SetLoadedEditorAssemblies (0ms)
				RefreshPlugins (0ms)
				BeforeProcessingInitializeOnLoad (62ms)
				ProcessInitializeOnLoadAttributes (138ms)
				ProcessInitializeOnLoadMethodAttributes (15ms)
				AfterProcessingInitializeOnLoad (1ms)
				EditorAssembliesLoaded (0ms)
			ExecutionOrderSort2 (0ms)
			AwakeInstancesAfterBackupRestoration (2ms)
Platform modules already initialized, skipping
========================================================================
Worker process is ready to serve import requests
Launching external process: /Applications/Unity/Hub/Editor/2021.3.17f1/Unity.app/Contents/Tools/UnityShaderCompiler
Launched and connected shader compiler UnityShaderCompiler after 0.05 seconds
Refreshing native plugins compatible for Editor in 0.45 ms, found 2 plugins.
Preloading 0 native plugins for Editor in 0.00 ms.
Unloading 3770 Unused Serialized files (Serialized files now loaded: 0)
Unloading 28 unused Assets / (371.4 KB). Loaded Objects now: 4231.
Memory consumption went from 128.3 MB to 127.9 MB.
Total: 2.501459 ms (FindLiveObjects: 0.118708 ms CreateObjectMapping: 0.042500 ms MarkObjects: 2.235209 ms  DeleteObjects: 0.104584 ms)

AssetImportParameters requested are different than current active one (requested -> active):
  custom:video-decoder-ogg-theora: a1e56fd34408186e4bbccfd4996cb3dc -> 
  custom:container-muxer-webm: aa71ff27fc2769a1b78a27578f13a17b -> 
  custom:container-demuxer-webm: 4f35f7cbe854078d1ac9338744f61a02 -> 
  custom:video-encoder-webm-vp8: eb34c28f22e8b96e1ab97ce403110664 -> 
  custom:framework-osx-AVFoundation: e770b220cccbd017edd2c1fefb359320 -> 
  custom:audio-encoder-webm-vorbis: bf7c407c2cedff20999df2af8eb42d56 -> 
  custom:container-demuxer-ogg: 62fdf1f143b41e24485cea50d1cbac27 -> 
  custom:video-decoder-webm-vp8: 9c59270c3fd7afecdb556c50c9e8de78 -> 
  custom:audio-decoder-ogg-vorbis: bf7c407c2cedff20999df2af8eb42d56 -> 
========================================================================
Received Import Request.
  Time since last request: 97125.673953 seconds.
  path: Assets/Scripts/MakeGreen.cs
  artifactKey: Guid(e35c0fb0e57054e86a68a33eda662b1d) Importer(815301076,1909f56bfc062723c751e8b465ee728b)
Start importing Assets/Scripts/MakeGreen.cs using Guid(e35c0fb0e57054e86a68a33eda662b1d) Importer(815301076,1909f56bfc062723c751e8b465ee728b)  -> (artifact id: '1a981d2d00915b4a644876909f78e1b1') in 0.184599 seconds 
========================================================================
Received Import Request.
  Time since last request: 3.123568 seconds.
  path: Assets/Scripts/MakeYellow.cs
  artifactKey: Guid(ecc1781e2d31146e793473bfe9c6b96f) Importer(815301076,1909f56bfc062723c751e8b465ee728b)
Start importing Assets/Scripts/MakeYellow.cs using Guid(ecc1781e2d31146e793473bfe9c6b96f) Importer(815301076,1909f56bfc062723c751e8b465ee728b)  -> (artifact id: '0c3c8ef9e80788742ed027034e3bb602') in 0.002617 seconds 
========================================================================
Received Prepare
Registering precompiled user dll's ...
Registered in 0.001850 seconds.
Begin MonoManager ReloadAssembly
Thread 0x296f9f000 may have been prematurely finalized
Symbol file LoadedFromMemory doesn't match image /Users/danielleola/Downloads/A02_Sidescroller_Proto/Library/PackageCache/com.unity.visualscripting@1.8.0/Editor/VisualScripting.Core/Dependencies/YamlDotNet/Unity.VisualScripting.YamlDotNet.dll
Symbol file LoadedFromMemory doesn't match image /Users/danielleola/Downloads/A02_Sidescroller_Proto/Library/PackageCache/com.unity.visualscripting@1.8.0/Editor/VisualScripting.Core/Dependencies/DotNetZip/Unity.VisualScripting.IonicZip.dll
Native extension for WindowsStandalone target not found
Native extension for OSXStandalone target not found
Refreshing native plugins compatible for Editor in 0.45 ms, found 2 plugins.
Preloading 0 native plugins for Editor in 0.00 ms.
Mono: successfully reloaded assembly
- Completed reload, in  0.610 seconds
Domain Reload Profiling:
	ReloadAssembly (610ms)
		BeginReloadAssembly (98ms)
			ExecutionOrderSort (0ms)
			DisableScriptedObjects (4ms)
			BackupInstance (0ms)
			ReleaseScriptingObjects (0ms)
			CreateAndSetChildDomain (41ms)
		EndReloadAssembly (455ms)
			LoadAssemblies (36ms)
			RebuildTransferFunctionScriptingTraits (0ms)
			SetupTypeCache (177ms)
			ReleaseScriptCaches (1ms)
			RebuildScriptCaches (28ms)
			SetupLoadedEditorAssemblies (189ms)
				LogAssemblyErrors (0ms)
				InitializePlatformSupportModulesInManaged (6ms)
				SetLoadedEditorAssemblies (0ms)
				RefreshPlugins (0ms)
				BeforeProcessingInitializeOnLoad (43ms)
				ProcessInitializeOnLoadAttributes (124ms)
				ProcessInitializeOnLoadMethodAttributes (14ms)
				AfterProcessingInitializeOnLoad (1ms)
				EditorAssembliesLoaded (0ms)
			ExecutionOrderSort2 (0ms)
			AwakeInstancesAfterBackupRestoration (2ms)
Platform modules already initialized, skipping
Refreshing native plugins compatible for Editor in 1.38 ms, found 2 plugins.
Preloading 0 native plugins for Editor in 0.00 ms.
Unloading 3746 Unused Serialized files (Serialized files now loaded: 0)
Unloading 21 unused Assets / (85.9 KB). Loaded Objects now: 4234.
Memory consumption went from 129.8 MB to 129.7 MB.
Total: 2.758167 ms (FindLiveObjects: 0.115708 ms CreateObjectMapping: 0.043459 ms MarkObjects: 2.510791 ms  DeleteObjects: 0.087875 ms)

AssetImportParameters requested are different than current active one (requested -> active):
  custom:video-decoder-ogg-theora: a1e56fd34408186e4bbccfd4996cb3dc -> 
  custom:container-muxer-webm: aa71ff27fc2769a1b78a27578f13a17b -> 
  custom:container-demuxer-webm: 4f35f7cbe854078d1ac9338744f61a02 -> 
  custom:video-encoder-webm-vp8: eb34c28f22e8b96e1ab97ce403110664 -> 
  custom:framework-osx-AVFoundation: e770b220cccbd017edd2c1fefb359320 -> 
  custom:audio-encoder-webm-vorbis: bf7c407c2cedff20999df2af8eb42d56 -> 
  custom:container-demuxer-ogg: 62fdf1f143b41e24485cea50d1cbac27 -> 
  custom:video-decoder-webm-vp8: 9c59270c3fd7afecdb556c50c9e8de78 -> 
  custom:audio-decoder-ogg-vorbis: bf7c407c2cedff20999df2af8eb42d56 -> 
========================================================================
Received Import Request.
  Time since last request: 924.164902 seconds.
  path: Assets/Scripts/MakeBlue.cs
  artifactKey: Guid(2394d9df40c2147659e2f3bf0d7ac30a) Importer(815301076,1909f56bfc062723c751e8b465ee728b)
Start importing Assets/Scripts/MakeBlue.cs using Guid(2394d9df40c2147659e2f3bf0d7ac30a) Importer(815301076,1909f56bfc062723c751e8b465ee728b)  -> (artifact id: 'c39535b6f4dd2f304538b33b35352506') in 0.007205 seconds 
========================================================================
Received Import Request.
  Time since last request: 2.569801 seconds.
  path: Assets/Scripts/Goal.cs
  artifactKey: Guid(2394d9df40c2147659e2f3bf0d7ac30a) Importer(815301076,1909f56bfc062723c751e8b465ee728b)
Start importing Assets/Scripts/Goal.cs using Guid(2394d9df40c2147659e2f3bf0d7ac30a) Importer(815301076,1909f56bfc062723c751e8b465ee728b)  -> (artifact id: '9869abaf197c85f56d8981c076386542') in 0.000707 seconds 
========================================================================
Received Prepare
Registering precompiled user dll's ...
Registered in 0.002156 seconds.
Begin MonoManager ReloadAssembly
Thread 0x16b887000 may have been prematurely finalized
Symbol file LoadedFromMemory doesn't match image /Users/danielleola/Downloads/A02_Sidescroller_Proto/Library/PackageCache/com.unity.visualscripting@1.8.0/Editor/VisualScripting.Core/Dependencies/YamlDotNet/Unity.VisualScripting.YamlDotNet.dll
Symbol file LoadedFromMemory doesn't match image /Users/danielleola/Downloads/A02_Sidescroller_Proto/Library/PackageCache/com.unity.visualscripting@1.8.0/Editor/VisualScripting.Core/Dependencies/DotNetZip/Unity.VisualScripting.IonicZip.dll
Native extension for WindowsStandalone target not found
Native extension for OSXStandalone target not found
Refreshing native plugins compatible for Editor in 0.52 ms, found 2 plugins.
Preloading 0 native plugins for Editor in 0.00 ms.
Mono: successfully reloaded assembly
- Completed reload, in  0.605 seconds
Domain Reload Profiling:
	ReloadAssembly (606ms)
		BeginReloadAssembly (76ms)
			ExecutionOrderSort (0ms)
			DisableScriptedObjects (3ms)
			BackupInstance (0ms)
			ReleaseScriptingObjects (0ms)
			CreateAndSetChildDomain (27ms)
		EndReloadAssembly (473ms)
			LoadAssemblies (46ms)
			RebuildTransferFunctionScriptingTraits (0ms)
			SetupTypeCache (178ms)
			ReleaseScriptCaches (1ms)
			RebuildScriptCaches (28ms)
			SetupLoadedEditorAssemblies (190ms)
				LogAssemblyErrors (0ms)
				InitializePlatformSupportModulesInManaged (6ms)
				SetLoadedEditorAssemblies (0ms)
				RefreshPlugins (1ms)
				BeforeProcessingInitializeOnLoad (44ms)
				ProcessInitializeOnLoadAttributes (123ms)
				ProcessInitializeOnLoadMethodAttributes (14ms)
				AfterProcessingInitializeOnLoad (2ms)
				EditorAssembliesLoaded (0ms)
			ExecutionOrderSort2 (0ms)
			AwakeInstancesAfterBackupRestoration (2ms)
Platform modules already initialized, skipping
Refreshing native plugins compatible for Editor in 1.29 ms, found 2 plugins.
Preloading 0 native plugins for Editor in 0.00 ms.
Unloading 3746 Unused Serialized files (Serialized files now loaded: 0)
Unloading 21 unused Assets / (85.9 KB). Loaded Objects now: 4237.
Memory consumption went from 129.8 MB to 129.7 MB.
Total: 2.442125 ms (FindLiveObjects: 0.105416 ms CreateObjectMapping: 0.040792 ms MarkObjects: 2.215625 ms  DeleteObjects: 0.079334 ms)

AssetImportParameters requested are different than current active one (requested -> active):
  custom:video-decoder-ogg-theora: a1e56fd34408186e4bbccfd4996cb3dc -> 
  custom:container-muxer-webm: aa71ff27fc2769a1b78a27578f13a17b -> 
  custom:container-demuxer-webm: 4f35f7cbe854078d1ac9338744f61a02 -> 
  custom:video-encoder-webm-vp8: eb34c28f22e8b96e1ab97ce403110664 -> 
  custom:framework-osx-AVFoundation: e770b220cccbd017edd2c1fefb359320 -> 
  custom:audio-encoder-webm-vorbis: bf7c407c2cedff20999df2af8eb42d56 -> 
  custom:container-demuxer-ogg: 62fdf1f143b41e24485cea50d1cbac27 -> 
  custom:video-decoder-webm-vp8: 9c59270c3fd7afecdb556c50c9e8de78 -> 
  custom:audio-decoder-ogg-vorbis: bf7c407c2cedff20999df2af8eb42d56 -> 
========================================================================
Received Import Request.
  Time since last request: 256.818627 seconds.
  path: Assets/TextMesh Pro/Resources/Fonts & Materials/LiberationSans SDF.asset
  artifactKey: Guid(8f586378b4e144a9851e7b34d9b748ee) Importer(815301076,1909f56bfc062723c751e8b465ee728b)
Start importing Assets/TextMesh Pro/Resources/Fonts & Materials/LiberationSans SDF.asset using Guid(8f586378b4e144a9851e7b34d9b748ee) Importer(815301076,1909f56bfc062723c751e8b465ee728b)  -> (artifact id: '777f553c203eab78bf08f4fab660c0c4') in 0.769998 seconds 
========================================================================
Received Import Request.
  Time since last request: 3.257650 seconds.
  path: Assets/TextMesh Pro/Fonts/LiberationSans.ttf
  artifactKey: Guid(e3265ab4bf004d28a9537516768c1c75) Importer(815301076,1909f56bfc062723c751e8b465ee728b)
Start importing Assets/TextMesh Pro/Fonts/LiberationSans.ttf using Guid(e3265ab4bf004d28a9537516768c1c75) Importer(815301076,1909f56bfc062723c751e8b465ee728b)  -> (artifact id: 'f3bd036785823e2281556a384dd6489b') in 0.954856 seconds 
========================================================================
Received Import Request.
  Time since last request: 86.721284 seconds.
  path: ProjectSettings/TagManager.asset
  artifactKey: Guid(00000000000000003000000000000000) Importer(815301076,1909f56bfc062723c751e8b465ee728b)
Start importing ProjectSettings/TagManager.asset using Guid(00000000000000003000000000000000) Importer(815301076,1909f56bfc062723c751e8b465ee728b)  -> (artifact id: '64a84f71cb2735732549e853a17027db') in 0.002542 seconds 
========================================================================
Received Import Request.
  Time since last request: 98.302578 seconds.
  path: Assets/Scripts/Cheese.cs
  artifactKey: Guid(2394d9df40c2147659e2f3bf0d7ac30a) Importer(815301076,1909f56bfc062723c751e8b465ee728b)
Start importing Assets/Scripts/Cheese.cs using Guid(2394d9df40c2147659e2f3bf0d7ac30a) Importer(815301076,1909f56bfc062723c751e8b465ee728b)  -> (artifact id: 'a2c2fbc8a61faa4dc6335db0c5974dba') in 0.001342 seconds 
========================================================================
Received Import Request.
  Time since last request: 148.639137 seconds.
  path: Assets/Scripts/GameMachine.cs
  artifactKey: Guid(8a037f3daca9f45298133d7c441e6a5e) Importer(815301076,1909f56bfc062723c751e8b465ee728b)
Start importing Assets/Scripts/GameMachine.cs using Guid(8a037f3daca9f45298133d7c441e6a5e) Importer(815301076,1909f56bfc062723c751e8b465ee728b)  -> (artifact id: '6e7e861a74f4732dce63ba238ed3ba97') in 0.003162 seconds 
========================================================================
Received Import Request.
  Time since last request: 7.661476 seconds.
  path: Assets/Scripts/GameMachine (D).cs
  artifactKey: Guid(8a037f3daca9f45298133d7c441e6a5e) Importer(815301076,1909f56bfc062723c751e8b465ee728b)
Start importing Assets/Scripts/GameMachine (D).cs using Guid(8a037f3daca9f45298133d7c441e6a5e) Importer(815301076,1909f56bfc062723c751e8b465ee728b)  -> (artifact id: '00b203ed8b1f2d263c85e57e52df7ba9') in 0.000840 seconds 
========================================================================
Received Import Request.
  Time since last request: 32.841381 seconds.
  path: Assets/Scripts/GameMachine.cs
  artifactKey: Guid(4f886ee6da9eb48e98ccea01d0dc3900) Importer(815301076,1909f56bfc062723c751e8b465ee728b)
Start importing Assets/Scripts/GameMachine.cs using Guid(4f886ee6da9eb48e98ccea01d0dc3900) Importer(815301076,1909f56bfc062723c751e8b465ee728b)  -> (artifact id: '2e0b382e4cdf46481289d474a789e813') in 0.001208 seconds 
========================================================================
Received Import Request.
  Time since last request: 388.974281 seconds.
  path: Assets/Scripts/tr_sound.cs
  artifactKey: Guid(298ba809c7ddc4d91918e7f9f4dbe681) Importer(815301076,1909f56bfc062723c751e8b465ee728b)
Start importing Assets/Scripts/tr_sound.cs using Guid(298ba809c7ddc4d91918e7f9f4dbe681) Importer(815301076,1909f56bfc062723c751e8b465ee728b)  -> (artifact id: '70381798bfec7d988279b9ab92a23855') in 0.007754 seconds 
========================================================================
Received Import Request.
  Time since last request: 188.687716 seconds.
  path: Assets/Scripts/Cheese.cs
  artifactKey: Guid(2394d9df40c2147659e2f3bf0d7ac30a) Importer(815301076,1909f56bfc062723c751e8b465ee728b)
Start importing Assets/Scripts/Cheese.cs using Guid(2394d9df40c2147659e2f3bf0d7ac30a) Importer(815301076,1909f56bfc062723c751e8b465ee728b)  -> (artifact id: '567068ef449dac6a2259adf42c9a8205') in 0.013665 seconds 
========================================================================
Received Import Request.
  Time since last request: 429.112848 seconds.
  path: Assets/Scripts/Cheese.cs
  artifactKey: Guid(2394d9df40c2147659e2f3bf0d7ac30a) Importer(815301076,1909f56bfc062723c751e8b465ee728b)
Start importing Assets/Scripts/Cheese.cs using Guid(2394d9df40c2147659e2f3bf0d7ac30a) Importer(815301076,1909f56bfc062723c751e8b465ee728b)  -> (artifact id: '0be1d480dc530fc78e40d54ee33935cb') in 0.003826 seconds 
========================================================================
Received Import Request.
  Time since last request: 107.865678 seconds.
  path: Assets/Scripts/tr_setvar.cs
  artifactKey: Guid(96f9cd96d1a964af29a61ca305729e2a) Importer(815301076,1909f56bfc062723c751e8b465ee728b)
Start importing Assets/Scripts/tr_setvar.cs using Guid(96f9cd96d1a964af29a61ca305729e2a) Importer(815301076,1909f56bfc062723c751e8b465ee728b)  -> (artifact id: '6bc43c555820844ff00603ce6d09ca49') in 0.004126 seconds 
========================================================================
Received Import Request.
  Time since last request: 44.985828 seconds.
  path: Assets/Scripts/GameMachine (D).cs
  artifactKey: Guid(519108acadbe34e23893316ebf932eff) Importer(815301076,1909f56bfc062723c751e8b465ee728b)
Start importing Assets/Scripts/GameMachine (D).cs using Guid(519108acadbe34e23893316ebf932eff) Importer(815301076,1909f56bfc062723c751e8b465ee728b)  -> (artifact id: 'f90e78375f47acac58e4cdb28cd87169') in 0.001144 seconds 
========================================================================
Received Import Request.
  Time since last request: 67.416117 seconds.
  path: Assets/Scripts/GameMachine.cs
  artifactKey: Guid(519108acadbe34e23893316ebf932eff) Importer(815301076,1909f56bfc062723c751e8b465ee728b)
Start importing Assets/Scripts/GameMachine.cs using Guid(519108acadbe34e23893316ebf932eff) Importer(815301076,1909f56bfc062723c751e8b465ee728b)  -> (artifact id: '0fc070bede4217e5626b4bc30543fd3d') in 0.002183 seconds 
========================================================================
Received Import Request.
  Time since last request: 21.810686 seconds.
  path: Assets/Scripts/Goal.cs
  artifactKey: Guid(cb97ffc59f476420fb0d055c473ffbc3) Importer(815301076,1909f56bfc062723c751e8b465ee728b)
Start importing Assets/Scripts/Goal.cs using Guid(cb97ffc59f476420fb0d055c473ffbc3) Importer(815301076,1909f56bfc062723c751e8b465ee728b)  -> (artifact id: '6b20c1286d14f196274791b0e8f90f5f') in 0.001187 seconds 
